<?xml version="1.0" encoding="UTF-8"?>
<!-- Generated by org.testng.reporters.JUnitReportReporter -->
<testsuite skipped="0" hostname="DESKTOP-8REHEA8" name="com.qa.Homepage.CreateContact" tests="1" failures="0" timestamp="17 Sep 2018 11:48:14 GMT" time="30.033" errors="0">
  <testcase name="CreateContactTest" time="30.033" classname="com.qa.Homepage.CreateContact"/>
</testsuite> <!-- com.qa.Homepage.CreateContact -->
