<?xml version="1.0" encoding="UTF-8"?>
<!-- Generated by org.testng.reporters.JUnitReportReporter -->
<testsuite skipped="0" hostname="DESKTOP-8REHEA8" name="com.qa.Homepage.LoginTest" tests="2" failures="0" timestamp="17 Sep 2018 12:45:55 GMT" time="35.069" errors="0">
  <testcase name="VerifyLogin" time="18.520" classname="com.qa.Homepage.LoginTest"/>
  <testcase name="ContactTest" time="16.549" classname="com.qa.Homepage.LoginTest"/>
</testsuite> <!-- com.qa.Homepage.LoginTest -->
