<?xml version="1.0" encoding="UTF-8"?>
<!-- Generated by org.testng.reporters.JUnitReportReporter -->
<testsuite skipped="0" hostname="DESKTOP-8REHEA8" name="com.qa.Homepage.LoginTest" tests="2" failures="0" timestamp="17 Sep 2018 15:19:22 GMT" time="30.448" errors="0">
  <testcase name="VerifyLogin" time="13.097" classname="com.qa.Homepage.LoginTest"/>
  <testcase name="ContactTest" time="17.351" classname="com.qa.Homepage.LoginTest"/>
</testsuite> <!-- com.qa.Homepage.LoginTest -->
