<?xml version="1.0" encoding="UTF-8"?>
<!-- Generated by org.testng.reporters.JUnitReportReporter -->
<testsuite skipped="0" hostname="DESKTOP-8REHEA8" name="com.qa.Homepage.FailedTestCase" tests="1" failures="0" timestamp="17 Sep 2018 15:19:22 GMT" time="0.031" errors="0">
  <testcase name="test" time="0.031" classname="com.qa.Homepage.FailedTestCase"/>
</testsuite> <!-- com.qa.Homepage.FailedTestCase -->
